1	tcpmux
5	rje
7	echo
9	discard
11	systat
13	daytime
17	qotd
18	msp
19	chargen
20	ftp-data
21	ftp
22	ssh
23	telnet
25	smtp
37	time
39	rlp
42	nameserver
43	nicname
49	tacacs
53	dns
63	whois++
67	bootps
68	bootpc
69	tftp
70	gopher
79	finger
80	http
88	kerberos
95	supdup
101	hostname
105	csnet-ns
107	rtelnet
109	pop2
110	pop3
111	sunrpc
113	auth
115	sftp
117	uucp-path
119	nntp
123	ntp
137	netbios-ns
138	netbios-dgm
139	netbios-ssn
143	imap
161	snmp
162	snmptrap
163	cmip-man
164	cmip-agent
174	mailq
177	xdmcp
178	nextstep
179	bgp
191	prospero
194	irc
199	smux
209	qmtp
210	z39.50
213	ipx
220	imap3
245	link
347	fatserv
363	rsvp_tunnel
369	rpc2portmap
370	codaauth2
372	ulistproc
389	ldap
427	svrloc
434	mobileip-agent
435	mobilip-mn
443	https
444	snpp
445	microsoft-ds
464	kpasswd
468	photuris
487	saft
488	gss-http
496	pim-rp-disc
500	isakmp
535	iiop
538	gdomap
546	dhcpv6-client
547	dhcpv6-server
554	rtsp
563	nntps
565	whoami
587	submission
610	npmp-local
611	npmp-gui
612	hmmp-ind
631	ipp
636	ldaps
674	acap
694	ha-cluster
749	kerberos-adm
750	kerberos-iv
765	webster
767	phonebook
873	rsync
992	telnets
993	imaps
994	ircs
995	pop3s 
1080	socks
1433	ms-sql-s
1434	ms-sql-m
1494	ica
1512	wins
1524	ingreslock
1525	prospero-np
1649	kermit
1758	tftp-mcast
1911	mtp
1985	hsrp
1986	licensedaemon
1997	gdp-port
2401	cvspserver
2809	corbaloc
3130	icpv2
3306	mysql
3346	trnsprntproxy
4011	pxe
4321	rwhois
4444	krb524
5002	rfe
5308	cfengine
5999	cvsup
9876	sd
10080	amanda
11371	pgpkeyserver
11720	h323callsigalt
13720	bprd
13721	bpdbm
13722	bpjava-msvc
13724	vnetd
13782	bpcd
13783	vopied
25565	minecraft
26000	quake
26208	wnn6-ds
33434	traceroute 